./scripts/tests/upgrade-test.sh v0.3.3-rc.2 v0.4.0-rc.2
warning: /home/nix/fedimint/Cargo.toml: unused manifest key: workspace.package.crane
   Compiling serde_derive v1.0.203
   Compiling futures-macro v0.3.30
   Compiling tracing-attributes v0.1.27
   Compiling tokio v1.38.0
   Compiling async-trait v0.1.80
   Compiling thiserror-impl v1.0.61
   Compiling pin-project-internal v1.1.5
   Compiling prost-derive v0.12.6
   Compiling strum_macros v0.26.4
   Compiling aquamarine v0.5.0
   Compiling impl-tools v0.10.0
   Compiling clap_derive v4.5.8
   Compiling librocksdb-sys v0.16.0+8.10.0
   Compiling fedimint-server v0.4.0-alpha (/home/nix/fedimint/fedimint-server)
   Compiling axum-macros v0.4.1
   Compiling futures-util v0.3.30
   Compiling rocksdb v0.22.0
   Compiling thiserror v1.0.61
   Compiling opentelemetry v0.22.0
   Compiling prost v0.12.6
   Compiling opentelemetry v0.23.0
   Compiling futures-executor v0.3.30
   Compiling tracing v0.1.40
   Compiling pin-project v1.1.5
   Compiling prometheus v0.13.4
   Compiling axum-core v0.3.4
   Compiling futures v0.3.30
   Compiling prost-types v0.12.3
   Compiling tracing-subscriber v0.3.18
   Compiling opentelemetry_sdk v0.22.1
   Compiling soketto v0.8.0
   Compiling tokio-util v0.7.11
   Compiling tokio-io-timeout v1.2.0
   Compiling tokio-rustls v0.25.0
   Compiling tokio-rustls v0.24.1
   Compiling backon v0.4.4
   Compiling tokio-rustls v0.26.0
   Compiling tokio-socks v0.5.1
   Compiling h2 v0.3.26
   Compiling tower v0.4.13
   Compiling tokio-stream v0.1.15
   Compiling h2 v0.4.4
   Compiling clap v4.5.8
   Compiling axum-core v0.4.3
   Compiling tower-http v0.5.2
   Compiling fedimintd v0.4.0-alpha (/home/nix/fedimint/fedimintd)
   Compiling devimint v0.4.0-alpha (/home/nix/fedimint/devimint)
   Compiling wasm-bindgen-macro-support v0.2.92
   Compiling test-log-macros v0.2.15
   Compiling clap_complete v4.5.7
   Compiling fedimint-dbtool v0.4.0-alpha (/home/nix/fedimint/fedimint-dbtool)
   Compiling serde v1.0.203
   Compiling fedimint-cli v0.4.0-alpha (/home/nix/fedimint/fedimint-cli)
   Compiling fedimint-gateway-cli v0.4.0-alpha (/home/nix/fedimint/gateway/cli)
   Compiling fedimint-recoverytool v0.4.0-alpha (/home/nix/fedimint/fedimint-recoverytool)
   Compiling wasm-bindgen-test-macro v0.3.42
   Compiling test-log v0.2.16
   Compiling tokio-test v0.4.4
   Compiling tracing-test-macro v0.2.5
   Compiling prost-build v0.12.3
   Compiling fedimint-derive v0.4.0-alpha (/home/nix/fedimint/fedimint-derive)
   Compiling tracing-test v0.2.5
   Compiling wasm-bindgen-macro v0.2.92
   Compiling opentelemetry-jaeger v0.21.0
   Compiling tracing-opentelemetry v0.23.0
   Compiling serde_json v1.0.120
   Compiling bitcoin_hashes v0.12.0
   Compiling url v2.5.2
   Compiling parity-scale-codec v3.6.12
   Compiling hex v0.4.3
   Compiling bitcoin_hashes v0.11.0
   Compiling serdect v0.2.0
   Compiling hyper v0.14.28
   Compiling fedimint-threshold-crypto v0.2.1
   Compiling bincode v1.3.3
   Compiling erased-serde v0.4.5
   Compiling serde_urlencoded v0.7.1
   Compiling hyper v1.4.0
   Compiling fedimint-aead v0.4.0-alpha (/home/nix/fedimint/crypto/aead)
   Compiling serde-big-array v0.5.1
   Compiling serde_path_to_error v0.1.16
   Compiling aleph-bft-crypto v0.9.0
   Compiling email_address v0.2.4
   Compiling tonic-build v0.10.2
   Compiling tonic-build v0.11.0
   Compiling secp256k1 v0.24.3
   Compiling secp256k1 v0.27.0
   Compiling fedimint-hkdf v0.4.0-alpha (/home/nix/fedimint/crypto/hkdf)
   Compiling wasm-bindgen v0.2.92
   Compiling bip39 v2.0.0
   Compiling jsonrpsee-types v0.24.0
   Compiling jsonrpc v0.14.1
   Compiling cln-plugin v0.1.7
   Compiling aleph-bft-types v0.12.0
   Compiling bitcoin v0.29.2
   Compiling bitcoin v0.30.2
   Compiling jsonrpsee-core v0.24.0
   Compiling secp256k1-zkp v0.9.2
   Compiling aleph-bft-types v0.13.0
   Compiling js-sys v0.3.69
   Compiling aleph-bft-rmc v0.12.0
   Compiling fedimint-tonic-lnd v0.2.0
   Compiling fedimint-ln-gateway v0.4.0-alpha (/home/nix/fedimint/gateway/ln-gateway)
   Compiling hyper-util v0.1.3
   Compiling tinytemplate v1.2.1
   Compiling ciborium v0.2.2
   Compiling fedimint-aleph-bft v0.36.0
   Compiling console_error_panic_hook v0.1.7
   Compiling fedimint-build v0.4.0-alpha (/home/nix/fedimint/fedimint-build)
   Compiling criterion v0.5.1
   Compiling hyper-timeout v0.4.1
   Compiling axum v0.6.20
   Compiling hyper-rustls v0.24.2
   Compiling hyper-rustls v0.26.0
   Compiling axum v0.7.5
   Compiling reqwest v0.11.27
   Compiling reqwest v0.12.2
   Compiling wasm-bindgen-futures v0.4.42
   Compiling web-sys v0.3.66
   Compiling jsonrpsee-client-transport v0.24.0
   Compiling jsonrpsee-server v0.24.0
   Compiling tonic v0.11.0
   Compiling tonic v0.10.2
   Compiling wasm-bindgen-test v0.3.42
   Compiling lightning v0.0.123
   Compiling miniscript v10.0.0
   Compiling bitcoincore-rpc-json v0.17.0
   Compiling electrum-client v0.18.0
   Compiling jsonrpsee-ws-client v0.24.0
   Compiling jsonrpsee v0.24.0
   Compiling cln-rpc v0.1.9
   Compiling esplora-client v0.6.0
   Compiling lnurl-rs v0.4.1
   Compiling gloo-utils v0.2.0
   Compiling gloo-net v0.5.0
   Compiling bitcoincore-rpc v0.17.0
   Compiling console-api v0.7.0
   Compiling console-subscriber v0.3.0
   Compiling fedimint-logging v0.4.0-alpha (/home/nix/fedimint/fedimint-logging)
   Compiling lightning-invoice v0.31.0
   Compiling fedimint-core v0.4.0-alpha (/home/nix/fedimint/fedimint-core)
   Compiling fedimint-api-client v0.4.0-alpha (/home/nix/fedimint/fedimint-api-client)
   Compiling fedimint-derive-secret v0.4.0-alpha (/home/nix/fedimint/crypto/derive-secret)
   Compiling fedimint-tbs v0.4.0-alpha (/home/nix/fedimint/crypto/tbs)
   Compiling fedimint-wallet-common v0.4.0-alpha (/home/nix/fedimint/modules/fedimint-wallet-common)
   Compiling fedimint-tpe v0.4.0-alpha (/home/nix/fedimint/crypto/tpe)
   Compiling fedimint-bitcoind v0.4.0-alpha (/home/nix/fedimint/fedimint-bitcoind)
   Compiling fedimint-meta-common v0.4.0-alpha (/home/nix/fedimint/modules/fedimint-meta-common)
   Compiling fedimint-metrics v0.4.0-alpha (/home/nix/fedimint/fedimint-metrics)
   Compiling fedimint-rocksdb v0.4.0-alpha (/home/nix/fedimint/fedimint-rocksdb)
   Compiling fedimint-unknown-common v0.4.0-alpha (/home/nix/fedimint/modules/fedimint-unknown-common)
   Compiling fedimint-portalloc v0.4.0-alpha (/home/nix/fedimint/utils/portalloc)
   Compiling fedimint-dummy-common v0.4.0-alpha (/home/nix/fedimint/modules/fedimint-dummy-common)
   Compiling fedimint-mint-common v0.4.0-alpha (/home/nix/fedimint/modules/fedimint-mint-common)
   Compiling fedimint-meta-server v0.4.0-alpha (/home/nix/fedimint/modules/fedimint-meta-server)
   Compiling fedimint-unknown-server v0.4.0-alpha (/home/nix/fedimint/modules/fedimint-unknown-server)
   Compiling fedimint-dummy-server v0.4.0-alpha (/home/nix/fedimint/modules/fedimint-dummy-server)
   Compiling fedimint-empty-common v0.4.0-alpha (/home/nix/fedimint/modules/fedimint-empty-common)
   Compiling fedimint-empty-server v0.4.0-alpha (/home/nix/fedimint/modules/fedimint-empty-server)
   Compiling fedimint-client v0.4.0-alpha (/home/nix/fedimint/fedimint-client)
   Compiling fedimint-ln-common v0.4.0-alpha (/home/nix/fedimint/modules/fedimint-ln-common)
   Compiling fedimint-mint-client v0.4.0-alpha (/home/nix/fedimint/modules/fedimint-mint-client)
   Compiling fedimint-wallet-client v0.4.0-alpha (/home/nix/fedimint/modules/fedimint-wallet-client)
   Compiling fedimint-dummy-client v0.4.0-alpha (/home/nix/fedimint/modules/fedimint-dummy-client)
   Compiling fedimint-meta-client v0.4.0-alpha (/home/nix/fedimint/modules/fedimint-meta-client)
   Compiling fedimint-bip39 v0.4.0-alpha (/home/nix/fedimint/fedimint-bip39)
   Compiling fedimint-wallet-server v0.4.0-alpha (/home/nix/fedimint/modules/fedimint-wallet-server)
   Compiling fedimint-lnv2-common v0.4.0-alpha (/home/nix/fedimint/modules/fedimint-lnv2-common)
   Compiling fedimint-ln-client v0.4.0-alpha (/home/nix/fedimint/modules/fedimint-ln-client)
   Compiling fedimint-ln-server v0.4.0-alpha (/home/nix/fedimint/modules/fedimint-ln-server)
   Compiling fedimint-lnv2-client v0.4.0-alpha (/home/nix/fedimint/modules/fedimint-lnv2-client)
   Compiling fedimint-lnv2-server v0.4.0-alpha (/home/nix/fedimint/modules/fedimint-lnv2-server)
   Compiling fedimint-mint-server v0.4.0-alpha (/home/nix/fedimint/modules/fedimint-mint-server)
   Compiling fedimint-fuzz v0.4.0-alpha (/home/nix/fedimint/fuzz)
   Compiling fedimint-empty-client v0.4.0-alpha (/home/nix/fedimint/modules/fedimint-empty-client)
   Compiling fedimint-wasm-tests v0.4.0-alpha (/home/nix/fedimint/fedimint-wasm-tests)
   Compiling fedimint-testing v0.4.0-alpha (/home/nix/fedimint/fedimint-testing)
warning: unused variable: `endpoint`
   --> devimint/src/federation.rs:621:17
    |
621 |             let endpoint = &self
    |                 ^^^^^^^^ help: if this is intentional, prefix it with an underscore: `_endpoint`
    |
    = note: `#[warn(unused_variables)]` on by default

   Compiling fedimint-ln-tests v0.4.0-alpha (/home/nix/fedimint/modules/fedimint-ln-tests)
   Compiling fedimint-dummy-tests v0.4.0-alpha (/home/nix/fedimint/modules/fedimint-dummy-tests)
warning: `devimint` (lib test) generated 1 warning (1 duplicate)
warning: `devimint` (lib) generated 1 warning
   Compiling fedimint-mint-tests v0.4.0-alpha (/home/nix/fedimint/modules/fedimint-mint-tests)
   Compiling fedimint-meta-tests v0.4.0-alpha (/home/nix/fedimint/modules/fedimint-meta-tests)
   Compiling fedimint-wallet-tests v0.4.0-alpha (/home/nix/fedimint/modules/fedimint-wallet-tests)
   Compiling fedimint-lnv2-tests v0.4.0-alpha (/home/nix/fedimint/modules/fedimint-lnv2-tests)
   Compiling fedimint-load-test-tool v0.4.0-alpha (/home/nix/fedimint/fedimint-load-test-tool)
   Compiling gateway-tests v0.4.0-alpha (/home/nix/fedimint/gateway/integration_tests)
    Finished `dev` profile [unoptimized + debuginfo] target(s) in 3m 49s
Compiling fedimintd for version v0.3.3-rc.2 ...
Using saved setting for 'extra-substituters = https://fedimint.cachix.org' from ~/.local/share/nix/trusted-settings.json.
Using saved setting for 'extra-trusted-public-keys = fedimint.cachix.org-1:FpJJjy1iPVlvyv4OMiN5y9+/arFLPcnZhZVVCHCDYTs=' from ~/.local/share/nix/trusted-settings.json.
Compiling fedimint-cli for version v0.3.3-rc.2 ...
Using saved setting for 'extra-substituters = https://fedimint.cachix.org' from ~/.local/share/nix/trusted-settings.json.
Using saved setting for 'extra-trusted-public-keys = fedimint.cachix.org-1:FpJJjy1iPVlvyv4OMiN5y9+/arFLPcnZhZVVCHCDYTs=' from ~/.local/share/nix/trusted-settings.json.
Compiling gatewayd for version v0.3.3-rc.2 ...
Using saved setting for 'extra-substituters = https://fedimint.cachix.org' from ~/.local/share/nix/trusted-settings.json.
Using saved setting for 'extra-trusted-public-keys = fedimint.cachix.org-1:FpJJjy1iPVlvyv4OMiN5y9+/arFLPcnZhZVVCHCDYTs=' from ~/.local/share/nix/trusted-settings.json.
Compiling fedimintd for version v0.4.0-rc.2 ...
Using saved setting for 'extra-substituters = https://fedimint.cachix.org' from ~/.local/share/nix/trusted-settings.json.
Using saved setting for 'extra-trusted-public-keys = fedimint.cachix.org-1:FpJJjy1iPVlvyv4OMiN5y9+/arFLPcnZhZVVCHCDYTs=' from ~/.local/share/nix/trusted-settings.json.
this path will be fetched (59.10 MiB download, 98.11 MiB unpacked):
  /nix/store/v27z6c4p04gvbndvkzhg2q8dn49ggcsq-fedimintd
copying path '/nix/store/v27z6c4p04gvbndvkzhg2q8dn49ggcsq-fedimintd' from 'https://fedimint.cachix.org'...
Compiling fedimint-cli for version v0.4.0-rc.2 ...
Using saved setting for 'extra-substituters = https://fedimint.cachix.org' from ~/.local/share/nix/trusted-settings.json.
Using saved setting for 'extra-trusted-public-keys = fedimint.cachix.org-1:FpJJjy1iPVlvyv4OMiN5y9+/arFLPcnZhZVVCHCDYTs=' from ~/.local/share/nix/trusted-settings.json.
this path will be fetched (59.54 MiB download, 99.65 MiB unpacked):
  /nix/store/26jcp7dqrr4g6c97csywm3wshz4zk1gw-fedimint-cli
copying path '/nix/store/26jcp7dqrr4g6c97csywm3wshz4zk1gw-fedimint-cli' from 'https://fedimint.cachix.org'...
Compiling gatewayd for version v0.4.0-rc.2 ...
Using saved setting for 'extra-substituters = https://fedimint.cachix.org' from ~/.local/share/nix/trusted-settings.json.
Using saved setting for 'extra-trusted-public-keys = fedimint.cachix.org-1:FpJJjy1iPVlvyv4OMiN5y9+/arFLPcnZhZVVCHCDYTs=' from ~/.local/share/nix/trusted-settings.json.
this path will be fetched (55.97 MiB download, 93.09 MiB unpacked):
  /nix/store/d66r7xiricnp6vwxl0g9s30lbrjknhmf-gatewayd
copying path '/nix/store/d66r7xiricnp6vwxl0g9s30lbrjknhmf-gatewayd' from 'https://fedimint.cachix.org'...
## Starting all tests in parallel...
parallel --jobs 1 --load 4 --delay 10 --halt-on-error 1 --joblog /tmp/nix-shell.er0Ejg/pAvPi/joblog --noswap --memfree 2G --nice 15
### LATENCY REISSUE: min: 1.8s, avg: 1.9s, median: 1.9s, p90: 1.9s, max: 1.9s, sum: 37.2s
### LATENCY LN SEND: min: 1.6s, avg: 1.8s, median: 1.8s, p90: 2.2s, max: 2.6s, sum: 36.6s
### LATENCY LN RECV: min: 1.1s, avg: 1.5s, median: 1.5s, p90: 2.0s, max: 2.5s, sum: 30.9s
### LATENCY FM PAY: min: 1.5s, avg: 2.2s, median: 2.4s, p90: 2.6s, max: 2.6s, sum: 44.2s
### LATENCY RESTORE: 3.351789846s
### LATENCY REISSUE: min: 1.8s, avg: 2.0s, median: 2.0s, p90: 2.1s, max: 2.1s, sum: 39.2s
### LATENCY LN SEND: min: 1.5s, avg: 1.8s, median: 1.8s, p90: 2.1s, max: 2.1s, sum: 35.2s
### LATENCY LN RECV: min: 0.9s, avg: 1.1s, median: 1.1s, p90: 1.3s, max: 1.3s, sum: 21.9s
### LATENCY FM PAY: min: 1.5s, avg: 2.6s, median: 1.8s, p90: 7.0s, max: 9.3s, sum: 53.0s
### LATENCY RESTORE: 4.678663909s
### LATENCY REISSUE: min: 3.5s, avg: 3.6s, median: 3.6s, p90: 3.7s, max: 3.7s, sum: 72.6s
### LATENCY LN SEND: min: 3.3s, avg: 3.5s, median: 3.5s, p90: 3.8s, max: 4.0s, sum: 69.9s
### LATENCY LN RECV: min: 1.0s, avg: 1.4s, median: 1.1s, p90: 1.5s, max: 6.2s, sum: 28.4s
### LATENCY FM PAY: min: 4.7s, avg: 5.0s, median: 5.0s, p90: 5.2s, max: 5.4s, sum: 99.6s
### LATENCY RESTORE: 9.066398047s
[2m2024-07-19T19:44:22.270550Z[0m [32m INFO[0m [2mfm::devimint[0m[2m:[0m Devimint data dir [3mpath[0m[2m=[0m/tmp/nix-shell.er0Ejg/devimint-1438142-060
[2m2024-07-19T19:44:22.335641Z[0m [32m INFO[0m [2mdevimint::tests[0m[2m:[0m running first stress test for fedimintd version: 0.3.3-rc.2
[2m2024-07-19T19:44:31.442389Z[0m [32m INFO[0m [2mfm::devimint[0m[2m:[0m DKG completed
[2m2024-07-19T19:44:35.958149Z[0m [32m INFO[0m [2mfm::devimint[0m[2m:[0m Consensus running
[2m2024-07-19T19:44:40.217215Z[0m [32m INFO[0m [2mdevimint::tests[0m[2m:[0m [3mcurrent_session_count[0m[2m=[0m0
[2m2024-07-19T19:44:40.217943Z[0m [32m INFO[0m [2mdevimint::tests[0m[2m:[0m Waiting for a new session
[2m2024-07-19T19:44:40.222943Z[0m [32m INFO[0m [2mdevimint::tests[0m[2m:[0m [3mfedimint_cli_version[0m[2m=[0m"fedimint-cli 0.4.0-alpha"
[2m2024-07-19T19:44:40.228189Z[0m [32m INFO[0m [2mdevimint::tests[0m[2m:[0m [3mfedimint_cli_version_hash[0m[2m=[0m"902fa3ae4fdfaa71000000005628c00febf7a0ed"
[2m2024-07-19T19:44:40.233218Z[0m [32m INFO[0m [2mdevimint::tests[0m[2m:[0m [3mgateway_cli_version[0m[2m=[0m"fedimint-gateway-cli 0.4.0-alpha"
[2m2024-07-19T19:44:40.238217Z[0m [32m INFO[0m [2mdevimint::tests[0m[2m:[0m [3mgateway_cli_version_hash[0m[2m=[0m"902fa3ae4fdfaa71000000005628c00febf7a0ed"
[2m2024-07-19T19:44:40.242814Z[0m [32m INFO[0m [2mdevimint::tests[0m[2m:[0m [3mfedimintd_version_hash[0m[2m=[0m"233621b3fb98dde1d5d74f00e93f23cb45197e1c"
[2m2024-07-19T19:44:40.248798Z[0m [32m INFO[0m [2mdevimint::tests[0m[2m:[0m [3mgatewayd_version_hash[0m[2m=[0m"902fa3ae4fdfaa71000000005628c00febf7a0ed"
[2m2024-07-19T19:44:40.484736Z[0m [32m INFO[0m [2mdevimint::tests[0m[2m:[0m Awaiting session outcome 0
[2m2024-07-19T19:44:40.838079Z[0m [32m INFO[0m [2mdevimint::federation[0m[2m:[0m Pegging-in client funds [3mamount[0m[2m=[0m100000000 [3mdeposit_fees[0m[2m=[0m0
[2m2024-07-19T19:44:45.839541Z[0m [32m INFO[0m [2mdevimint::tests[0m[2m:[0m Testing latency of reissue
[2m2024-07-19T19:45:26.542036Z[0m [32m INFO[0m [2mdevimint::tests[0m[2m:[0m [3mfedimint_cli_version[0m[2m=[0m"fedimint-cli 0.4.0-alpha"
[2m2024-07-19T19:45:26.546883Z[0m [32m INFO[0m [2mdevimint::tests[0m[2m:[0m [3mfedimint_cli_version_hash[0m[2m=[0m"902fa3ae4fdfaa71000000005628c00febf7a0ed"
[2m2024-07-19T19:45:26.551664Z[0m [32m INFO[0m [2mdevimint::tests[0m[2m:[0m [3mgateway_cli_version[0m[2m=[0m"fedimint-gateway-cli 0.4.0-alpha"
[2m2024-07-19T19:45:26.556507Z[0m [32m INFO[0m [2mdevimint::tests[0m[2m:[0m [3mgateway_cli_version_hash[0m[2m=[0m"902fa3ae4fdfaa71000000005628c00febf7a0ed"
[2m2024-07-19T19:45:26.560875Z[0m [32m INFO[0m [2mdevimint::tests[0m[2m:[0m [3mfedimintd_version_hash[0m[2m=[0m"233621b3fb98dde1d5d74f00e93f23cb45197e1c"
[2m2024-07-19T19:45:26.565863Z[0m [32m INFO[0m [2mdevimint::tests[0m[2m:[0m [3mgatewayd_version_hash[0m[2m=[0m"902fa3ae4fdfaa71000000005628c00febf7a0ed"
[2m2024-07-19T19:45:27.228839Z[0m [32m INFO[0m [2mdevimint::federation[0m[2m:[0m Pegging-in client funds [3mamount[0m[2m=[0m100000000 [3mdeposit_fees[0m[2m=[0m0
[2m2024-07-19T19:45:31.038136Z[0m [32m INFO[0m [2mdevimint::tests[0m[2m:[0m Testing latency of ln send
[2m2024-07-19T19:45:40.736789Z[0m [32m INFO[0m [2mdevimint::tests[0m[2m:[0m Awaiting session outcome 0
[2m2024-07-19T19:46:07.742214Z[0m [32m INFO[0m [2mdevimint::tests[0m[2m:[0m [3mfedimint_cli_version[0m[2m=[0m"fedimint-cli 0.4.0-alpha"
[2m2024-07-19T19:46:07.747276Z[0m [32m INFO[0m [2mdevimint::tests[0m[2m:[0m [3mfedimint_cli_version_hash[0m[2m=[0m"902fa3ae4fdfaa71000000005628c00febf7a0ed"
[2m2024-07-19T19:46:07.752329Z[0m [32m INFO[0m [2mdevimint::tests[0m[2m:[0m [3mgateway_cli_version[0m[2m=[0m"fedimint-gateway-cli 0.4.0-alpha"
[2m2024-07-19T19:46:07.757378Z[0m [32m INFO[0m [2mdevimint::tests[0m[2m:[0m [3mgateway_cli_version_hash[0m[2m=[0m"902fa3ae4fdfaa71000000005628c00febf7a0ed"
[2m2024-07-19T19:46:07.761497Z[0m [32m INFO[0m [2mdevimint::tests[0m[2m:[0m [3mfedimintd_version_hash[0m[2m=[0m"233621b3fb98dde1d5d74f00e93f23cb45197e1c"
[2m2024-07-19T19:46:07.766203Z[0m [32m INFO[0m [2mdevimint::tests[0m[2m:[0m [3mgatewayd_version_hash[0m[2m=[0m"902fa3ae4fdfaa71000000005628c00febf7a0ed"
[2m2024-07-19T19:46:08.479482Z[0m [32m INFO[0m [2mdevimint::federation[0m[2m:[0m Pegging-in client funds [3mamount[0m[2m=[0m100000000 [3mdeposit_fees[0m[2m=[0m0
[2m2024-07-19T19:46:15.781958Z[0m [32m INFO[0m [2mdevimint::tests[0m[2m:[0m Testing latency of ln receive
[2m2024-07-19T19:46:41.065132Z[0m [32m INFO[0m [2mdevimint::tests[0m[2m:[0m Awaiting session outcome 0
[2m2024-07-19T19:46:58.190608Z[0m [32m INFO[0m [2mdevimint::tests[0m[2m:[0m session found in 137.70589531s
[2m2024-07-19T19:47:00.420471Z[0m [32m INFO[0m [2mdevimint::tests[0m[2m:[0m [3mfedimint_cli_version[0m[2m=[0m"fedimint-cli 0.4.0-alpha"
[2m2024-07-19T19:47:00.425173Z[0m [32m INFO[0m [2mdevimint::tests[0m[2m:[0m [3mfedimint_cli_version_hash[0m[2m=[0m"902fa3ae4fdfaa71000000005628c00febf7a0ed"
[2m2024-07-19T19:47:00.431883Z[0m [32m INFO[0m [2mdevimint::tests[0m[2m:[0m [3mgateway_cli_version[0m[2m=[0m"fedimint-gateway-cli 0.4.0-alpha"
[2m2024-07-19T19:47:00.438412Z[0m [32m INFO[0m [2mdevimint::tests[0m[2m:[0m [3mgateway_cli_version_hash[0m[2m=[0m"902fa3ae4fdfaa71000000005628c00febf7a0ed"
[2m2024-07-19T19:47:00.442760Z[0m [32m INFO[0m [2mdevimint::tests[0m[2m:[0m [3mfedimintd_version_hash[0m[2m=[0m"233621b3fb98dde1d5d74f00e93f23cb45197e1c"
[2m2024-07-19T19:47:00.447303Z[0m [32m INFO[0m [2mdevimint::tests[0m[2m:[0m [3mgatewayd_version_hash[0m[2m=[0m"902fa3ae4fdfaa71000000005628c00febf7a0ed"
[2m2024-07-19T19:47:01.112443Z[0m [32m INFO[0m [2mdevimint::federation[0m[2m:[0m Pegging-in client funds [3mamount[0m[2m=[0m100000000 [3mdeposit_fees[0m[2m=[0m0
[2m2024-07-19T19:47:05.858061Z[0m [32m INFO[0m [2mdevimint::tests[0m[2m:[0m Testing latency of internal payments within a federation
[2m2024-07-19T19:47:06.533229Z[0m [32m INFO[0m [2mdevimint::federation[0m[2m:[0m Pegging-in client funds [3mamount[0m[2m=[0m10000000 [3mdeposit_fees[0m[2m=[0m0
[2m2024-07-19T19:48:05.219216Z[0m [32m INFO[0m [2mdevimint::tests[0m[2m:[0m [3mfedimint_cli_version[0m[2m=[0m"fedimint-cli 0.4.0-alpha"
[2m2024-07-19T19:48:05.223496Z[0m [32m INFO[0m [2mdevimint::tests[0m[2m:[0m [3mfedimint_cli_version_hash[0m[2m=[0m"902fa3ae4fdfaa71000000005628c00febf7a0ed"
[2m2024-07-19T19:48:05.228481Z[0m [32m INFO[0m [2mdevimint::tests[0m[2m:[0m [3mgateway_cli_version[0m[2m=[0m"fedimint-gateway-cli 0.4.0-alpha"
[2m2024-07-19T19:48:05.233227Z[0m [32m INFO[0m [2mdevimint::tests[0m[2m:[0m [3mgateway_cli_version_hash[0m[2m=[0m"902fa3ae4fdfaa71000000005628c00febf7a0ed"
[2m2024-07-19T19:48:05.237319Z[0m [32m INFO[0m [2mdevimint::tests[0m[2m:[0m [3mfedimintd_version_hash[0m[2m=[0m"233621b3fb98dde1d5d74f00e93f23cb45197e1c"
[2m2024-07-19T19:48:05.242353Z[0m [32m INFO[0m [2mdevimint::tests[0m[2m:[0m [3mgatewayd_version_hash[0m[2m=[0m"902fa3ae4fdfaa71000000005628c00febf7a0ed"
[2m2024-07-19T19:48:05.893799Z[0m [32m INFO[0m [2mdevimint::federation[0m[2m:[0m Pegging-in client funds [3mamount[0m[2m=[0m100000000 [3mdeposit_fees[0m[2m=[0m0
[2m2024-07-19T19:48:10.997388Z[0m [32m INFO[0m [2mdevimint::tests[0m[2m:[0m Testing latency of restore
[2m2024-07-19T19:48:14.500594Z[0m [32m INFO[0m [2mdevimint::tests[0m[2m:[0m finished first stress test, starting all peers and scheduling shutdown after session count
[2m2024-07-19T19:48:14.500629Z[0m [32m INFO[0m [2mdevimint::federation[0m[2m:[0m starting all servers
[2m2024-07-19T19:48:16.458861Z[0m [32m INFO[0m [2mdevimint::federation[0m[2m:[0m Awaiting session outcome 1
[2m2024-07-19T19:49:14.292412Z[0m [32m INFO[0m [2mdevimint::federation[0m[2m:[0m session found in 57.833552923s
[2m2024-07-19T19:49:14.292452Z[0m [32m INFO[0m [2mdevimint::federation[0m[2m:[0m done wating for shutdown session to complete
[2m2024-07-19T19:49:14.292459Z[0m [32m INFO[0m [2mdevimint::federation[0m[2m:[0m checking server status before waiting for shutdown to finish
[2m2024-07-19T19:49:14.680724Z[0m [32m INFO[0m [2mdevimint::federation[0m[2m:[0m peer_id: 0, status_res: Ok(())
[2m2024-07-19T19:49:15.032674Z[0m [32m INFO[0m [2mdevimint::federation[0m[2m:[0m peer_id: 1, status_res: Ok(())
[2m2024-07-19T19:49:15.435921Z[0m [32m INFO[0m [2mdevimint::federation[0m[2m:[0m peer_id: 2, status_res: Ok(())
[2m2024-07-19T19:49:15.867682Z[0m [32m INFO[0m [2mdevimint::federation[0m[2m:[0m peer_id: 3, status_res: Ok(())
[2m2024-07-19T19:49:15.867715Z[0m [32m INFO[0m [2mfm::test[0m[2m:[0m Sleeping for 100.000 seconds because: waiting to start servers since shutdown takes time
[2m2024-07-19T19:50:55.869458Z[0m [32m INFO[0m [2mdevimint::federation[0m[2m:[0m checking server status after waiting for shutdown to finish
[2m2024-07-19T19:50:56.205491Z[0m [32m INFO[0m [2mdevimint::federation[0m[2m:[0m peer_id: 0, status_res: Err(command: fedimint-cli --data-dir /tmp/nix-shell.er0Ejg/devimint-1438142-060/clients/default-0 --password pass --our-id 0 admin status

Caused by:
    exit status: 1
    stdout:
    {
      "error": "Federation rpc error {0 => Rpc error: Error when opening the TCP socket: Connection refused (os error 111)), }"
    }
    
    stderr:
    [2m2024-07-19T19:50:55.916718Z[0m [32m INFO[0m [2mfm::db[0m[2m:[0m Migration complete [3mkind[0m[2m=[0m"fedimint-client" [3mdb_version[0m[2m=[0mDatabaseVersion(1)
    
    )
[2m2024-07-19T19:50:56.791206Z[0m [32m INFO[0m [2mdevimint::federation[0m[2m:[0m peer_id: 1, status_res: Err(command: fedimint-cli --data-dir /tmp/nix-shell.er0Ejg/devimint-1438142-060/clients/default-0 --password pass --our-id 1 admin status

Caused by:
    exit status: 1
    stdout:
    {
      "error": "Federation rpc error {1 => Rpc error: Error when opening the TCP socket: Connection refused (os error 111)), }"
    }
    
    stderr:
    [2m2024-07-19T19:50:56.531125Z[0m [32m INFO[0m [2mfm::db[0m[2m:[0m Migration complete [3mkind[0m[2m=[0m"fedimint-client" [3mdb_version[0m[2m=[0mDatabaseVersion(1)
    
    )
[2m2024-07-19T19:50:57.440080Z[0m [32m INFO[0m [2mdevimint::federation[0m[2m:[0m peer_id: 2, status_res: Err(command: fedimint-cli --data-dir /tmp/nix-shell.er0Ejg/devimint-1438142-060/clients/default-0 --password pass --our-id 2 admin status

Caused by:
    exit status: 1
    stdout:
    {
      "error": "Federation rpc error {2 => Rpc error: Error when opening the TCP socket: Connection refused (os error 111)), }"
    }
    
    stderr:
    [2m2024-07-19T19:50:57.157937Z[0m [32m INFO[0m [2mfm::db[0m[2m:[0m Migration complete [3mkind[0m[2m=[0m"fedimint-client" [3mdb_version[0m[2m=[0mDatabaseVersion(1)
    
    )
[2m2024-07-19T19:50:58.057897Z[0m [32m INFO[0m [2mdevimint::federation[0m[2m:[0m peer_id: 3, status_res: Err(command: fedimint-cli --data-dir /tmp/nix-shell.er0Ejg/devimint-1438142-060/clients/default-0 --password pass --our-id 3 admin status

Caused by:
    exit status: 1
    stdout:
    {
      "error": "Federation rpc error {3 => Rpc error: Error when opening the TCP socket: Connection refused (os error 111)), }"
    }
    
    stderr:
    [2m2024-07-19T19:50:57.812024Z[0m [32m INFO[0m [2mfm::db[0m[2m:[0m Migration complete [3mkind[0m[2m=[0m"fedimint-client" [3mdb_version[0m[2m=[0mDatabaseVersion(1)
    
    )
[2m2024-07-19T19:50:58.361310Z[0m [32m INFO[0m [2mfm::test[0m[2m:[0m Sleeping for 10.000 seconds because: waiting to restart remaining peers
[2m2024-07-19T19:51:08.363726Z[0m [32m INFO[0m [2mfm::test[0m[2m:[0m Sleeping for 10.000 seconds because: waiting to restart remaining peers
[2m2024-07-19T19:51:18.365710Z[0m [32m INFO[0m [2mfm::test[0m[2m:[0m Sleeping for 10.000 seconds because: waiting to restart remaining peers
[2m2024-07-19T19:51:28.772400Z[0m [32m INFO[0m [2mdevimint::federation[0m[2m:[0m upgraded fedimintd to version: 0.4.0-rc.2
[2m2024-07-19T19:51:28.772955Z[0m [32m INFO[0m [2mdevimint::tests[0m[2m:[0m Waiting for a new session
[2m2024-07-19T19:51:28.777980Z[0m [32m INFO[0m [2mdevimint::tests[0m[2m:[0m [3mfedimint_cli_version[0m[2m=[0m"fedimint-cli 0.4.0-alpha"
[2m2024-07-19T19:51:28.782920Z[0m [32m INFO[0m [2mdevimint::tests[0m[2m:[0m [3mfedimint_cli_version_hash[0m[2m=[0m"902fa3ae4fdfaa71000000005628c00febf7a0ed"
[2m2024-07-19T19:51:28.787831Z[0m [32m INFO[0m [2mdevimint::tests[0m[2m:[0m [3mgateway_cli_version[0m[2m=[0m"fedimint-gateway-cli 0.4.0-alpha"
[2m2024-07-19T19:51:28.793223Z[0m [32m INFO[0m [2mdevimint::tests[0m[2m:[0m [3mgateway_cli_version_hash[0m[2m=[0m"902fa3ae4fdfaa71000000005628c00febf7a0ed"
[2m2024-07-19T19:51:28.798433Z[0m [32m INFO[0m [2mdevimint::tests[0m[2m:[0m [3mfedimintd_version_hash[0m[2m=[0m"917670d43af2f17c390b37b2facd901b7e17808d"
[2m2024-07-19T19:51:28.803475Z[0m [32m INFO[0m [2mdevimint::tests[0m[2m:[0m [3mgatewayd_version_hash[0m[2m=[0m"902fa3ae4fdfaa71000000005628c00febf7a0ed"
[2m2024-07-19T19:51:29.264362Z[0m [32m INFO[0m [2mdevimint::tests[0m[2m:[0m Awaiting session outcome 2
[2m2024-07-19T19:51:29.557460Z[0m [32m INFO[0m [2mdevimint::federation[0m[2m:[0m Pegging-in client funds [3mamount[0m[2m=[0m100000000 [3mdeposit_fees[0m[2m=[0m0
[2m2024-07-19T19:51:36.445014Z[0m [32m INFO[0m [2mdevimint::tests[0m[2m:[0m Testing latency of reissue
[2m2024-07-19T19:52:19.392397Z[0m [32m INFO[0m [2mdevimint::tests[0m[2m:[0m [3mfedimint_cli_version[0m[2m=[0m"fedimint-cli 0.4.0-alpha"
[2m2024-07-19T19:52:19.397454Z[0m [32m INFO[0m [2mdevimint::tests[0m[2m:[0m [3mfedimint_cli_version_hash[0m[2m=[0m"902fa3ae4fdfaa71000000005628c00febf7a0ed"
[2m2024-07-19T19:52:19.402623Z[0m [32m INFO[0m [2mdevimint::tests[0m[2m:[0m [3mgateway_cli_version[0m[2m=[0m"fedimint-gateway-cli 0.4.0-alpha"
[2m2024-07-19T19:52:19.407567Z[0m [32m INFO[0m [2mdevimint::tests[0m[2m:[0m [3mgateway_cli_version_hash[0m[2m=[0m"902fa3ae4fdfaa71000000005628c00febf7a0ed"
[2m2024-07-19T19:52:19.411469Z[0m [32m INFO[0m [2mdevimint::tests[0m[2m:[0m [3mfedimintd_version_hash[0m[2m=[0m"917670d43af2f17c390b37b2facd901b7e17808d"
[2m2024-07-19T19:52:19.416289Z[0m [32m INFO[0m [2mdevimint::tests[0m[2m:[0m [3mgatewayd_version_hash[0m[2m=[0m"902fa3ae4fdfaa71000000005628c00febf7a0ed"
[2m2024-07-19T19:52:20.065623Z[0m [32m INFO[0m [2mdevimint::federation[0m[2m:[0m Pegging-in client funds [3mamount[0m[2m=[0m100000000 [3mdeposit_fees[0m[2m=[0m0
[2m2024-07-19T19:52:26.158852Z[0m [32m INFO[0m [2mdevimint::tests[0m[2m:[0m Testing latency of ln send
[2m2024-07-19T19:52:29.552128Z[0m [32m INFO[0m [2mdevimint::tests[0m[2m:[0m Awaiting session outcome 2
[2m2024-07-19T19:53:01.419205Z[0m [32m INFO[0m [2mdevimint::tests[0m[2m:[0m [3mfedimint_cli_version[0m[2m=[0m"fedimint-cli 0.4.0-alpha"
[2m2024-07-19T19:53:01.423819Z[0m [32m INFO[0m [2mdevimint::tests[0m[2m:[0m [3mfedimint_cli_version_hash[0m[2m=[0m"902fa3ae4fdfaa71000000005628c00febf7a0ed"
[2m2024-07-19T19:53:01.429212Z[0m [32m INFO[0m [2mdevimint::tests[0m[2m:[0m [3mgateway_cli_version[0m[2m=[0m"fedimint-gateway-cli 0.4.0-alpha"
[2m2024-07-19T19:53:01.435273Z[0m [32m INFO[0m [2mdevimint::tests[0m[2m:[0m [3mgateway_cli_version_hash[0m[2m=[0m"902fa3ae4fdfaa71000000005628c00febf7a0ed"
[2m2024-07-19T19:53:01.439397Z[0m [32m INFO[0m [2mdevimint::tests[0m[2m:[0m [3mfedimintd_version_hash[0m[2m=[0m"917670d43af2f17c390b37b2facd901b7e17808d"
[2m2024-07-19T19:53:01.443829Z[0m [32m INFO[0m [2mdevimint::tests[0m[2m:[0m [3mgatewayd_version_hash[0m[2m=[0m"902fa3ae4fdfaa71000000005628c00febf7a0ed"
[2m2024-07-19T19:53:02.193283Z[0m [32m INFO[0m [2mdevimint::federation[0m[2m:[0m Pegging-in client funds [3mamount[0m[2m=[0m100000000 [3mdeposit_fees[0m[2m=[0m0
[2m2024-07-19T19:53:06.172256Z[0m [32m INFO[0m [2mdevimint::tests[0m[2m:[0m Testing latency of ln receive
[2m2024-07-19T19:53:29.852888Z[0m [32m INFO[0m [2mdevimint::tests[0m[2m:[0m Awaiting session outcome 2
[2m2024-07-19T19:53:41.656310Z[0m [32m INFO[0m [2mdevimint::tests[0m[2m:[0m [3mfedimint_cli_version[0m[2m=[0m"fedimint-cli 0.4.0-alpha"
[2m2024-07-19T19:53:41.661153Z[0m [32m INFO[0m [2mdevimint::tests[0m[2m:[0m [3mfedimint_cli_version_hash[0m[2m=[0m"902fa3ae4fdfaa71000000005628c00febf7a0ed"
[2m2024-07-19T19:53:41.666629Z[0m [32m INFO[0m [2mdevimint::tests[0m[2m:[0m [3mgateway_cli_version[0m[2m=[0m"fedimint-gateway-cli 0.4.0-alpha"
[2m2024-07-19T19:53:41.671606Z[0m [32m INFO[0m [2mdevimint::tests[0m[2m:[0m [3mgateway_cli_version_hash[0m[2m=[0m"902fa3ae4fdfaa71000000005628c00febf7a0ed"
[2m2024-07-19T19:53:41.675388Z[0m [32m INFO[0m [2mdevimint::tests[0m[2m:[0m [3mfedimintd_version_hash[0m[2m=[0m"917670d43af2f17c390b37b2facd901b7e17808d"
[2m2024-07-19T19:53:41.680449Z[0m [32m INFO[0m [2mdevimint::tests[0m[2m:[0m [3mgatewayd_version_hash[0m[2m=[0m"902fa3ae4fdfaa71000000005628c00febf7a0ed"
[2m2024-07-19T19:53:42.347287Z[0m [32m INFO[0m [2mdevimint::federation[0m[2m:[0m Pegging-in client funds [3mamount[0m[2m=[0m100000000 [3mdeposit_fees[0m[2m=[0m0
[2m2024-07-19T19:53:46.276718Z[0m [32m INFO[0m [2mdevimint::tests[0m[2m:[0m Testing latency of internal payments within a federation
[2m2024-07-19T19:53:46.940016Z[0m [32m INFO[0m [2mdevimint::federation[0m[2m:[0m Pegging-in client funds [3mamount[0m[2m=[0m10000000 [3mdeposit_fees[0m[2m=[0m0
[2m2024-07-19T19:54:30.174642Z[0m [32m INFO[0m [2mdevimint::tests[0m[2m:[0m Awaiting session outcome 2
[2m2024-07-19T19:54:38.296491Z[0m [32m INFO[0m [2mdevimint::tests[0m[2m:[0m session found in 189.032130686s
[2m2024-07-19T19:55:00.793533Z[0m [32m INFO[0m [2mdevimint::tests[0m[2m:[0m [3mfedimint_cli_version[0m[2m=[0m"fedimint-cli 0.4.0-alpha"
[2m2024-07-19T19:55:00.798273Z[0m [32m INFO[0m [2mdevimint::tests[0m[2m:[0m [3mfedimint_cli_version_hash[0m[2m=[0m"902fa3ae4fdfaa71000000005628c00febf7a0ed"
[2m2024-07-19T19:55:00.803755Z[0m [32m INFO[0m [2mdevimint::tests[0m[2m:[0m [3mgateway_cli_version[0m[2m=[0m"fedimint-gateway-cli 0.4.0-alpha"
[2m2024-07-19T19:55:00.808921Z[0m [32m INFO[0m [2mdevimint::tests[0m[2m:[0m [3mgateway_cli_version_hash[0m[2m=[0m"902fa3ae4fdfaa71000000005628c00febf7a0ed"
[2m2024-07-19T19:55:00.812905Z[0m [32m INFO[0m [2mdevimint::tests[0m[2m:[0m [3mfedimintd_version_hash[0m[2m=[0m"917670d43af2f17c390b37b2facd901b7e17808d"
[2m2024-07-19T19:55:00.817305Z[0m [32m INFO[0m [2mdevimint::tests[0m[2m:[0m [3mgatewayd_version_hash[0m[2m=[0m"902fa3ae4fdfaa71000000005628c00febf7a0ed"
[2m2024-07-19T19:55:06.417420Z[0m [32m INFO[0m [2mdevimint::federation[0m[2m:[0m Pegging-in client funds [3mamount[0m[2m=[0m100000000 [3mdeposit_fees[0m[2m=[0m0
[2m2024-07-19T19:55:16.317158Z[0m [32m INFO[0m [2mdevimint::tests[0m[2m:[0m Testing latency of restore
[2m2024-07-19T19:55:21.244536Z[0m [32m INFO[0m [2mdevimint::tests[0m[2m:[0m Waiting for a new session
[2m2024-07-19T19:55:21.249843Z[0m [32m INFO[0m [2mdevimint::tests[0m[2m:[0m [3mfedimint_cli_version[0m[2m=[0m"fedimint-cli 0.4.0-alpha"
[2m2024-07-19T19:55:21.254570Z[0m [32m INFO[0m [2mdevimint::tests[0m[2m:[0m [3mfedimint_cli_version_hash[0m[2m=[0m"902fa3ae4fdfaa71000000005628c00febf7a0ed"
[2m2024-07-19T19:55:21.259782Z[0m [32m INFO[0m [2mdevimint::tests[0m[2m:[0m [3mgateway_cli_version[0m[2m=[0m"fedimint-gateway-cli 0.4.0-alpha"
[2m2024-07-19T19:55:21.265388Z[0m [32m INFO[0m [2mdevimint::tests[0m[2m:[0m [3mgateway_cli_version_hash[0m[2m=[0m"902fa3ae4fdfaa71000000005628c00febf7a0ed"
[2m2024-07-19T19:55:21.270135Z[0m [32m INFO[0m [2mdevimint::tests[0m[2m:[0m [3mfedimintd_version_hash[0m[2m=[0m"917670d43af2f17c390b37b2facd901b7e17808d"
[2m2024-07-19T19:55:21.275417Z[0m [32m INFO[0m [2mdevimint::tests[0m[2m:[0m [3mgatewayd_version_hash[0m[2m=[0m"902fa3ae4fdfaa71000000005628c00febf7a0ed"
[2m2024-07-19T19:55:22.678670Z[0m [32m INFO[0m [2mdevimint::federation[0m[2m:[0m Pegging-in client funds [3mamount[0m[2m=[0m100000000 [3mdeposit_fees[0m[2m=[0m0
[2m2024-07-19T19:55:36.919418Z[0m [32m INFO[0m [2mdevimint::tests[0m[2m:[0m Awaiting session outcome 3
[2m2024-07-19T19:55:39.879360Z[0m [32m INFO[0m [2mdevimint::tests[0m[2m:[0m Testing latency of reissue
[2m2024-07-19T19:56:37.202986Z[0m [32m INFO[0m [2mdevimint::tests[0m[2m:[0m Awaiting session outcome 3
[2m2024-07-19T19:56:56.065371Z[0m [32m INFO[0m [2mdevimint::tests[0m[2m:[0m [3mfedimint_cli_version[0m[2m=[0m"fedimint-cli 0.4.0-alpha"
[2m2024-07-19T19:56:56.069897Z[0m [32m INFO[0m [2mdevimint::tests[0m[2m:[0m [3mfedimint_cli_version_hash[0m[2m=[0m"902fa3ae4fdfaa71000000005628c00febf7a0ed"
[2m2024-07-19T19:56:56.075048Z[0m [32m INFO[0m [2mdevimint::tests[0m[2m:[0m [3mgateway_cli_version[0m[2m=[0m"fedimint-gateway-cli 0.4.0-alpha"
[2m2024-07-19T19:56:56.080528Z[0m [32m INFO[0m [2mdevimint::tests[0m[2m:[0m [3mgateway_cli_version_hash[0m[2m=[0m"902fa3ae4fdfaa71000000005628c00febf7a0ed"
[2m2024-07-19T19:56:56.084210Z[0m [32m INFO[0m [2mdevimint::tests[0m[2m:[0m [3mfedimintd_version_hash[0m[2m=[0m"917670d43af2f17c390b37b2facd901b7e17808d"
[2m2024-07-19T19:56:56.088670Z[0m [32m INFO[0m [2mdevimint::tests[0m[2m:[0m [3mgatewayd_version_hash[0m[2m=[0m"902fa3ae4fdfaa71000000005628c00febf7a0ed"
[2m2024-07-19T19:56:56.794307Z[0m [32m INFO[0m [2mdevimint::federation[0m[2m:[0m Pegging-in client funds [3mamount[0m[2m=[0m100000000 [3mdeposit_fees[0m[2m=[0m0
[2m2024-07-19T19:57:02.777942Z[0m [32m INFO[0m [2mdevimint::tests[0m[2m:[0m Testing latency of ln send
[2m2024-07-19T19:57:37.484190Z[0m [32m INFO[0m [2mdevimint::tests[0m[2m:[0m Awaiting session outcome 3
[2m2024-07-19T19:58:12.730903Z[0m [32m INFO[0m [2mdevimint::tests[0m[2m:[0m [3mfedimint_cli_version[0m[2m=[0m"fedimint-cli 0.4.0-alpha"
[2m2024-07-19T19:58:12.735644Z[0m [32m INFO[0m [2mdevimint::tests[0m[2m:[0m [3mfedimint_cli_version_hash[0m[2m=[0m"902fa3ae4fdfaa71000000005628c00febf7a0ed"
[2m2024-07-19T19:58:12.740213Z[0m [32m INFO[0m [2mdevimint::tests[0m[2m:[0m [3mgateway_cli_version[0m[2m=[0m"fedimint-gateway-cli 0.4.0-alpha"
[2m2024-07-19T19:58:12.745043Z[0m [32m INFO[0m [2mdevimint::tests[0m[2m:[0m [3mgateway_cli_version_hash[0m[2m=[0m"902fa3ae4fdfaa71000000005628c00febf7a0ed"
[2m2024-07-19T19:58:12.748840Z[0m [32m INFO[0m [2mdevimint::tests[0m[2m:[0m [3mfedimintd_version_hash[0m[2m=[0m"917670d43af2f17c390b37b2facd901b7e17808d"
[2m2024-07-19T19:58:12.753281Z[0m [32m INFO[0m [2mdevimint::tests[0m[2m:[0m [3mgatewayd_version_hash[0m[2m=[0m"902fa3ae4fdfaa71000000005628c00febf7a0ed"
[2m2024-07-19T19:58:13.498270Z[0m [32m INFO[0m [2mdevimint::federation[0m[2m:[0m Pegging-in client funds [3mamount[0m[2m=[0m100000000 [3mdeposit_fees[0m[2m=[0m0
[2m2024-07-19T19:58:19.173558Z[0m [32m INFO[0m [2mdevimint::tests[0m[2m:[0m Testing latency of ln receive
[2m2024-07-19T19:58:26.297630Z[0m [32m INFO[0m [2mdevimint::tests[0m[2m:[0m session found in 169.378213386s
[2m2024-07-19T19:59:10.098865Z[0m [32m INFO[0m [2mdevimint::tests[0m[2m:[0m [3mfedimint_cli_version[0m[2m=[0m"fedimint-cli 0.4.0-alpha"
[2m2024-07-19T19:59:10.103236Z[0m [32m INFO[0m [2mdevimint::tests[0m[2m:[0m [3mfedimint_cli_version_hash[0m[2m=[0m"902fa3ae4fdfaa71000000005628c00febf7a0ed"
[2m2024-07-19T19:59:10.108341Z[0m [32m INFO[0m [2mdevimint::tests[0m[2m:[0m [3mgateway_cli_version[0m[2m=[0m"fedimint-gateway-cli 0.4.0-alpha"
[2m2024-07-19T19:59:10.113231Z[0m [32m INFO[0m [2mdevimint::tests[0m[2m:[0m [3mgateway_cli_version_hash[0m[2m=[0m"902fa3ae4fdfaa71000000005628c00febf7a0ed"
[2m2024-07-19T19:59:10.117058Z[0m [32m INFO[0m [2mdevimint::tests[0m[2m:[0m [3mfedimintd_version_hash[0m[2m=[0m"917670d43af2f17c390b37b2facd901b7e17808d"
[2m2024-07-19T19:59:10.122142Z[0m [32m INFO[0m [2mdevimint::tests[0m[2m:[0m [3mgatewayd_version_hash[0m[2m=[0m"902fa3ae4fdfaa71000000005628c00febf7a0ed"
[2m2024-07-19T19:59:10.863632Z[0m [32m INFO[0m [2mdevimint::federation[0m[2m:[0m Pegging-in client funds [3mamount[0m[2m=[0m100000000 [3mdeposit_fees[0m[2m=[0m0
[2m2024-07-19T19:59:17.959134Z[0m [32m INFO[0m [2mdevimint::tests[0m[2m:[0m Testing latency of internal payments within a federation
[2m2024-07-19T19:59:18.731611Z[0m [32m INFO[0m [2mdevimint::federation[0m[2m:[0m Pegging-in client funds [3mamount[0m[2m=[0m10000000 [3mdeposit_fees[0m[2m=[0m0
[2m2024-07-19T20:01:18.079659Z[0m [32m INFO[0m [2mdevimint::tests[0m[2m:[0m [3mfedimint_cli_version[0m[2m=[0m"fedimint-cli 0.4.0-alpha"
[2m2024-07-19T20:01:18.084635Z[0m [32m INFO[0m [2mdevimint::tests[0m[2m:[0m [3mfedimint_cli_version_hash[0m[2m=[0m"902fa3ae4fdfaa71000000005628c00febf7a0ed"
[2m2024-07-19T20:01:18.089908Z[0m [32m INFO[0m [2mdevimint::tests[0m[2m:[0m [3mgateway_cli_version[0m[2m=[0m"fedimint-gateway-cli 0.4.0-alpha"
[2m2024-07-19T20:01:18.094983Z[0m [32m INFO[0m [2mdevimint::tests[0m[2m:[0m [3mgateway_cli_version_hash[0m[2m=[0m"902fa3ae4fdfaa71000000005628c00febf7a0ed"
[2m2024-07-19T20:01:18.099179Z[0m [32m INFO[0m [2mdevimint::tests[0m[2m:[0m [3mfedimintd_version_hash[0m[2m=[0m"917670d43af2f17c390b37b2facd901b7e17808d"
[2m2024-07-19T20:01:18.103575Z[0m [32m INFO[0m [2mdevimint::tests[0m[2m:[0m [3mgatewayd_version_hash[0m[2m=[0m"902fa3ae4fdfaa71000000005628c00febf7a0ed"
[2m2024-07-19T20:01:22.928626Z[0m [32m INFO[0m [2mdevimint::federation[0m[2m:[0m Pegging-in client funds [3mamount[0m[2m=[0m100000000 [3mdeposit_fees[0m[2m=[0m0
[2m2024-07-19T20:01:45.973921Z[0m [32m INFO[0m [2mdevimint::tests[0m[2m:[0m Testing latency of restore
[2m2024-07-19T20:01:55.392647Z[0m [32m INFO[0m [2mdevimint::tests[0m[2m:[0m ### fedimintd passed stress test for version 0.4.0-rc.2
[2m2024-07-19T20:01:55.392675Z[0m [32m INFO[0m [2mdevimint::tests[0m[2m:[0m ## fedimintd upgraded all binaries successfully
### LATENCY REISSUE: min: 1.7s, avg: 2.1s, median: 1.8s, p90: 2.1s, max: 6.9s, sum: 41.1s
### LATENCY LN SEND: min: 1.3s, avg: 1.7s, median: 1.7s, p90: 2.0s, max: 2.5s, sum: 33.7s
### LATENCY LN RECV: min: 1.0s, avg: 1.5s, median: 1.2s, p90: 1.7s, max: 6.4s, sum: 30.2s
### LATENCY FM PAY: min: 1.2s, avg: 1.4s, median: 1.4s, p90: 1.8s, max: 2.1s, sum: 28.7s
### LATENCY REISSUE: min: 1.8s, avg: 1.9s, median: 1.9s, p90: 1.9s, max: 2.0s, sum: 37.5s
### LATENCY LN SEND: min: 1.6s, avg: 2.4s, median: 1.9s, p90: 6.7s, max: 6.9s, sum: 47.5s
### LATENCY LN RECV: min: 1.0s, avg: 1.4s, median: 1.1s, p90: 1.6s, max: 6.1s, sum: 27.4s
### LATENCY FM PAY: min: 1.5s, avg: 2.7s, median: 1.9s, p90: 2.5s, max: 17.0s, sum: 53.3s
[2m2024-07-19T20:01:59.891207Z[0m [32m INFO[0m [2mfm::devimint[0m[2m:[0m Devimint data dir [3mpath[0m[2m=[0m/tmp/nix-shell.er0Ejg/devimint-1528841-779
[2m2024-07-19T20:01:59.928740Z[0m [32m INFO[0m [2mdevimint::tests[0m[2m:[0m running first stress test for fedimint-cli version: 0.3.3-rc.2
[2m2024-07-19T20:02:04.913070Z[0m [32m INFO[0m [2mfm::devimint[0m[2m:[0m DKG completed
[2m2024-07-19T20:02:09.082507Z[0m [32m INFO[0m [2mfm::devimint[0m[2m:[0m Consensus running
[2m2024-07-19T20:02:10.783572Z[0m [32m INFO[0m [2mdevimint::tests[0m[2m:[0m Waiting for a new session
[2m2024-07-19T20:02:10.787821Z[0m [32m INFO[0m [2mdevimint::tests[0m[2m:[0m [3mfedimint_cli_version[0m[2m=[0m"fedimint-cli 0.3.3-rc.2"
[2m2024-07-19T20:02:10.792632Z[0m [32m INFO[0m [2mdevimint::tests[0m[2m:[0m [3mfedimint_cli_version_hash[0m[2m=[0m"233621b3fb98dde1d5d74f00e93f23cb45197e1c"
[2m2024-07-19T20:02:10.798405Z[0m [32m INFO[0m [2mdevimint::tests[0m[2m:[0m [3mgateway_cli_version[0m[2m=[0m"fedimint-gateway-cli 0.4.0-alpha"
[2m2024-07-19T20:02:10.803748Z[0m [32m INFO[0m [2mdevimint::tests[0m[2m:[0m [3mgateway_cli_version_hash[0m[2m=[0m"902fa3ae4fdfaa71000000005628c00febf7a0ed"
[2m2024-07-19T20:02:10.808881Z[0m [32m INFO[0m [2mdevimint::tests[0m[2m:[0m [3mfedimintd_version_hash[0m[2m=[0m"902fa3ae4fdfaa71000000005628c00febf7a0ed"
[2m2024-07-19T20:02:10.813564Z[0m [32m INFO[0m [2mdevimint::tests[0m[2m:[0m [3mgatewayd_version_hash[0m[2m=[0m"902fa3ae4fdfaa71000000005628c00febf7a0ed"
[2m2024-07-19T20:02:10.852163Z[0m [32m INFO[0m [2mdevimint::federation[0m[2m:[0m Pegging-in client funds [3mamount[0m[2m=[0m100000000 [3mdeposit_fees[0m[2m=[0m1000
[2m2024-07-19T20:02:10.918467Z[0m [32m INFO[0m [2mdevimint::tests[0m[2m:[0m Awaiting session outcome 0
[2m2024-07-19T20:02:19.499853Z[0m [32m INFO[0m [2mdevimint::tests[0m[2m:[0m session found in 8.581398269s
[2m2024-07-19T20:02:20.248331Z[0m [32m INFO[0m [2mdevimint::tests[0m[2m:[0m Testing latency of reissue
[2m2024-07-19T20:03:04.764156Z[0m [32m INFO[0m [2mdevimint::tests[0m[2m:[0m [3mfedimint_cli_version[0m[2m=[0m"fedimint-cli 0.3.3-rc.2"
[2m2024-07-19T20:03:04.768330Z[0m [32m INFO[0m [2mdevimint::tests[0m[2m:[0m [3mfedimint_cli_version_hash[0m[2m=[0m"233621b3fb98dde1d5d74f00e93f23cb45197e1c"
[2m2024-07-19T20:03:04.773928Z[0m [32m INFO[0m [2mdevimint::tests[0m[2m:[0m [3mgateway_cli_version[0m[2m=[0m"fedimint-gateway-cli 0.4.0-alpha"
[2m2024-07-19T20:03:04.780217Z[0m [32m INFO[0m [2mdevimint::tests[0m[2m:[0m [3mgateway_cli_version_hash[0m[2m=[0m"902fa3ae4fdfaa71000000005628c00febf7a0ed"
[2m2024-07-19T20:03:04.786499Z[0m [32m INFO[0m [2mdevimint::tests[0m[2m:[0m [3mfedimintd_version_hash[0m[2m=[0m"902fa3ae4fdfaa71000000005628c00febf7a0ed"
[2m2024-07-19T20:03:04.791222Z[0m [32m INFO[0m [2mdevimint::tests[0m[2m:[0m [3mgatewayd_version_hash[0m[2m=[0m"902fa3ae4fdfaa71000000005628c00febf7a0ed"
[2m2024-07-19T20:03:04.828395Z[0m [32m INFO[0m [2mdevimint::federation[0m[2m:[0m Pegging-in client funds [3mamount[0m[2m=[0m100000000 [3mdeposit_fees[0m[2m=[0m1000
[2m2024-07-19T20:03:09.133402Z[0m [32m INFO[0m [2mdevimint::tests[0m[2m:[0m Testing latency of ln send
[2m2024-07-19T20:03:42.853353Z[0m [32m INFO[0m [2mdevimint::tests[0m[2m:[0m [3mfedimint_cli_version[0m[2m=[0m"fedimint-cli 0.3.3-rc.2"
[2m2024-07-19T20:03:42.857512Z[0m [32m INFO[0m [2mdevimint::tests[0m[2m:[0m [3mfedimint_cli_version_hash[0m[2m=[0m"233621b3fb98dde1d5d74f00e93f23cb45197e1c"
[2m2024-07-19T20:03:42.864083Z[0m [32m INFO[0m [2mdevimint::tests[0m[2m:[0m [3mgateway_cli_version[0m[2m=[0m"fedimint-gateway-cli 0.4.0-alpha"
[2m2024-07-19T20:03:42.869863Z[0m [32m INFO[0m [2mdevimint::tests[0m[2m:[0m [3mgateway_cli_version_hash[0m[2m=[0m"902fa3ae4fdfaa71000000005628c00febf7a0ed"
[2m2024-07-19T20:03:42.875033Z[0m [32m INFO[0m [2mdevimint::tests[0m[2m:[0m [3mfedimintd_version_hash[0m[2m=[0m"902fa3ae4fdfaa71000000005628c00febf7a0ed"
[2m2024-07-19T20:03:42.879371Z[0m [32m INFO[0m [2mdevimint::tests[0m[2m:[0m [3mgatewayd_version_hash[0m[2m=[0m"902fa3ae4fdfaa71000000005628c00febf7a0ed"
[2m2024-07-19T20:03:42.917243Z[0m [32m INFO[0m [2mdevimint::federation[0m[2m:[0m Pegging-in client funds [3mamount[0m[2m=[0m100000000 [3mdeposit_fees[0m[2m=[0m1000
[2m2024-07-19T20:03:49.265143Z[0m [32m INFO[0m [2mdevimint::tests[0m[2m:[0m Testing latency of ln receive
[2m2024-07-19T20:04:30.628437Z[0m [32m INFO[0m [2mdevimint::tests[0m[2m:[0m [3mfedimint_cli_version[0m[2m=[0m"fedimint-cli 0.3.3-rc.2"
[2m2024-07-19T20:04:30.632356Z[0m [32m INFO[0m [2mdevimint::tests[0m[2m:[0m [3mfedimint_cli_version_hash[0m[2m=[0m"233621b3fb98dde1d5d74f00e93f23cb45197e1c"
[2m2024-07-19T20:04:30.637792Z[0m [32m INFO[0m [2mdevimint::tests[0m[2m:[0m [3mgateway_cli_version[0m[2m=[0m"fedimint-gateway-cli 0.4.0-alpha"
[2m2024-07-19T20:04:30.643445Z[0m [32m INFO[0m [2mdevimint::tests[0m[2m:[0m [3mgateway_cli_version_hash[0m[2m=[0m"902fa3ae4fdfaa71000000005628c00febf7a0ed"
[2m2024-07-19T20:04:30.648998Z[0m [32m INFO[0m [2mdevimint::tests[0m[2m:[0m [3mfedimintd_version_hash[0m[2m=[0m"902fa3ae4fdfaa71000000005628c00febf7a0ed"
[2m2024-07-19T20:04:30.653383Z[0m [32m INFO[0m [2mdevimint::tests[0m[2m:[0m [3mgatewayd_version_hash[0m[2m=[0m"902fa3ae4fdfaa71000000005628c00febf7a0ed"
[2m2024-07-19T20:04:30.691769Z[0m [32m INFO[0m [2mdevimint::federation[0m[2m:[0m Pegging-in client funds [3mamount[0m[2m=[0m100000000 [3mdeposit_fees[0m[2m=[0m1000
[2m2024-07-19T20:04:40.032564Z[0m [32m INFO[0m [2mdevimint::tests[0m[2m:[0m Testing latency of internal payments within a federation
[2m2024-07-19T20:04:40.213390Z[0m [32m INFO[0m [2mdevimint::federation[0m[2m:[0m Pegging-in client funds [3mamount[0m[2m=[0m10000000 [3mdeposit_fees[0m[2m=[0m1000
[2m2024-07-19T20:05:25.280466Z[0m [32m INFO[0m [2mdevimint::tests[0m[2m:[0m upgraded fedimint-cli to version: 0.4.0-rc.2
[2m2024-07-19T20:05:25.280794Z[0m [32m INFO[0m [2mdevimint::tests[0m[2m:[0m Waiting for a new session
[2m2024-07-19T20:05:25.284922Z[0m [32m INFO[0m [2mdevimint::tests[0m[2m:[0m [3mfedimint_cli_version[0m[2m=[0m"fedimint-cli 0.4.0-rc.2"
[2m2024-07-19T20:05:25.288535Z[0m [32m INFO[0m [2mdevimint::tests[0m[2m:[0m [3mfedimint_cli_version_hash[0m[2m=[0m"917670d43af2f17c390b37b2facd901b7e17808d"
[2m2024-07-19T20:05:25.294174Z[0m [32m INFO[0m [2mdevimint::tests[0m[2m:[0m [3mgateway_cli_version[0m[2m=[0m"fedimint-gateway-cli 0.4.0-alpha"
[2m2024-07-19T20:05:25.299316Z[0m [32m INFO[0m [2mdevimint::tests[0m[2m:[0m [3mgateway_cli_version_hash[0m[2m=[0m"902fa3ae4fdfaa71000000005628c00febf7a0ed"
[2m2024-07-19T20:05:25.304775Z[0m [32m INFO[0m [2mdevimint::tests[0m[2m:[0m [3mfedimintd_version_hash[0m[2m=[0m"902fa3ae4fdfaa71000000005628c00febf7a0ed"
[2m2024-07-19T20:05:25.310302Z[0m [32m INFO[0m [2mdevimint::tests[0m[2m:[0m [3mgatewayd_version_hash[0m[2m=[0m"902fa3ae4fdfaa71000000005628c00febf7a0ed"
[2m2024-07-19T20:05:25.348806Z[0m [32m INFO[0m [2mdevimint::federation[0m[2m:[0m Pegging-in client funds [3mamount[0m[2m=[0m100000000 [3mdeposit_fees[0m[2m=[0m1000
[2m2024-07-19T20:05:25.936299Z[0m [32m INFO[0m [2mdevimint::tests[0m[2m:[0m Awaiting session outcome 18
[2m2024-07-19T20:05:26.872258Z[0m [32m INFO[0m [2mdevimint::tests[0m[2m:[0m Testing latency of reissue
[2m2024-07-19T20:05:35.199497Z[0m [32m INFO[0m [2mdevimint::tests[0m[2m:[0m session found in 9.263195498s
[2m2024-07-19T20:06:09.442889Z[0m [32m INFO[0m [2mdevimint::tests[0m[2m:[0m [3mfedimint_cli_version[0m[2m=[0m"fedimint-cli 0.4.0-rc.2"
[2m2024-07-19T20:06:09.446962Z[0m [32m INFO[0m [2mdevimint::tests[0m[2m:[0m [3mfedimint_cli_version_hash[0m[2m=[0m"917670d43af2f17c390b37b2facd901b7e17808d"
[2m2024-07-19T20:06:09.452932Z[0m [32m INFO[0m [2mdevimint::tests[0m[2m:[0m [3mgateway_cli_version[0m[2m=[0m"fedimint-gateway-cli 0.4.0-alpha"
[2m2024-07-19T20:06:09.458180Z[0m [32m INFO[0m [2mdevimint::tests[0m[2m:[0m [3mgateway_cli_version_hash[0m[2m=[0m"902fa3ae4fdfaa71000000005628c00febf7a0ed"
[2m2024-07-19T20:06:09.463988Z[0m [32m INFO[0m [2mdevimint::tests[0m[2m:[0m [3mfedimintd_version_hash[0m[2m=[0m"902fa3ae4fdfaa71000000005628c00febf7a0ed"
[2m2024-07-19T20:06:09.469289Z[0m [32m INFO[0m [2mdevimint::tests[0m[2m:[0m [3mgatewayd_version_hash[0m[2m=[0m"902fa3ae4fdfaa71000000005628c00febf7a0ed"
[2m2024-07-19T20:06:09.507198Z[0m [32m INFO[0m [2mdevimint::federation[0m[2m:[0m Pegging-in client funds [3mamount[0m[2m=[0m100000000 [3mdeposit_fees[0m[2m=[0m1000
[2m2024-07-19T20:06:12.222093Z[0m [32m INFO[0m [2mdevimint::tests[0m[2m:[0m Testing latency of ln send
[2m2024-07-19T20:06:59.780619Z[0m [32m INFO[0m [2mdevimint::tests[0m[2m:[0m [3mfedimint_cli_version[0m[2m=[0m"fedimint-cli 0.4.0-rc.2"
[2m2024-07-19T20:06:59.785603Z[0m [32m INFO[0m [2mdevimint::tests[0m[2m:[0m [3mfedimint_cli_version_hash[0m[2m=[0m"917670d43af2f17c390b37b2facd901b7e17808d"
[2m2024-07-19T20:06:59.790991Z[0m [32m INFO[0m [2mdevimint::tests[0m[2m:[0m [3mgateway_cli_version[0m[2m=[0m"fedimint-gateway-cli 0.4.0-alpha"
[2m2024-07-19T20:06:59.796039Z[0m [32m INFO[0m [2mdevimint::tests[0m[2m:[0m [3mgateway_cli_version_hash[0m[2m=[0m"902fa3ae4fdfaa71000000005628c00febf7a0ed"
[2m2024-07-19T20:06:59.801231Z[0m [32m INFO[0m [2mdevimint::tests[0m[2m:[0m [3mfedimintd_version_hash[0m[2m=[0m"902fa3ae4fdfaa71000000005628c00febf7a0ed"
[2m2024-07-19T20:06:59.806312Z[0m [32m INFO[0m [2mdevimint::tests[0m[2m:[0m [3mgatewayd_version_hash[0m[2m=[0m"902fa3ae4fdfaa71000000005628c00febf7a0ed"
[2m2024-07-19T20:06:59.843598Z[0m [32m INFO[0m [2mdevimint::federation[0m[2m:[0m Pegging-in client funds [3mamount[0m[2m=[0m100000000 [3mdeposit_fees[0m[2m=[0m1000
[2m2024-07-19T20:07:02.285913Z[0m [32m INFO[0m [2mdevimint::tests[0m[2m:[0m Testing latency of ln receive
[2m2024-07-19T20:07:50.632387Z[0m [32m INFO[0m [2mdevimint::tests[0m[2m:[0m [3mfedimint_cli_version[0m[2m=[0m"fedimint-cli 0.4.0-rc.2"
[2m2024-07-19T20:07:50.636373Z[0m [32m INFO[0m [2mdevimint::tests[0m[2m:[0m [3mfedimint_cli_version_hash[0m[2m=[0m"917670d43af2f17c390b37b2facd901b7e17808d"
[2m2024-07-19T20:07:50.642154Z[0m [32m INFO[0m [2mdevimint::tests[0m[2m:[0m [3mgateway_cli_version[0m[2m=[0m"fedimint-gateway-cli 0.4.0-alpha"
[2m2024-07-19T20:07:50.649747Z[0m [32m INFO[0m [2mdevimint::tests[0m[2m:[0m [3mgateway_cli_version_hash[0m[2m=[0m"902fa3ae4fdfaa71000000005628c00febf7a0ed"
[2m2024-07-19T20:07:50.655395Z[0m [32m INFO[0m [2mdevimint::tests[0m[2m:[0m [3mfedimintd_version_hash[0m[2m=[0m"902fa3ae4fdfaa71000000005628c00febf7a0ed"
[2m2024-07-19T20:07:50.660881Z[0m [32m INFO[0m [2mdevimint::tests[0m[2m:[0m [3mgatewayd_version_hash[0m[2m=[0m"902fa3ae4fdfaa71000000005628c00febf7a0ed"
[2m2024-07-19T20:07:50.701342Z[0m [32m INFO[0m [2mdevimint::federation[0m[2m:[0m Pegging-in client funds [3mamount[0m[2m=[0m100000000 [3mdeposit_fees[0m[2m=[0m1000
[2m2024-07-19T20:07:56.973107Z[0m [32m INFO[0m [2mdevimint::tests[0m[2m:[0m Testing latency of internal payments within a federation
[2m2024-07-19T20:07:57.665557Z[0m [32m INFO[0m [2mdevimint::federation[0m[2m:[0m Pegging-in client funds [3mamount[0m[2m=[0m10000000 [3mdeposit_fees[0m[2m=[0m1000
[2m2024-07-19T20:09:33.534725Z[0m [32m INFO[0m [2mdevimint::tests[0m[2m:[0m ### fedimint-cli passed stress test for version 0.4.0-rc.2
[2m2024-07-19T20:09:33.534757Z[0m [32m INFO[0m [2mdevimint::tests[0m[2m:[0m ## fedimint-cli upgraded all binaries successfully
### LATENCY REISSUE: min: 1.9s, avg: 2.0s, median: 2.0s, p90: 2.0s, max: 2.0s, sum: 39.1s
### LATENCY LN SEND: min: 1.5s, avg: 1.8s, median: 1.7s, p90: 2.0s, max: 2.3s, sum: 35.3s
### LATENCY LN RECV: min: 1.0s, avg: 1.4s, median: 1.2s, p90: 1.6s, max: 6.1s, sum: 28.1s
### LATENCY FM PAY: min: 1.6s, avg: 2.3s, median: 1.8s, p90: 6.7s, max: 6.7s, sum: 46.3s
### LATENCY RESTORE: 3.206412044s
### LATENCY REISSUE: min: 1.9s, avg: 2.0s, median: 2.0s, p90: 2.1s, max: 2.1s, sum: 39.7s
### LATENCY LN SEND: min: 1.6s, avg: 3.5s, median: 1.9s, p90: 11.7s, max: 15.6s, sum: 70.8s
### LATENCY LN RECV: min: 0.9s, avg: 1.4s, median: 1.1s, p90: 1.6s, max: 6.1s, sum: 27.8s
### LATENCY FM PAY: min: 1.6s, avg: 1.8s, median: 1.8s, p90: 2.1s, max: 2.1s, sum: 36.7s
### LATENCY RESTORE: 4.61667866s
[2m2024-07-19T20:09:37.255885Z[0m [32m INFO[0m [2mfm::devimint[0m[2m:[0m Devimint data dir [3mpath[0m[2m=[0m/tmp/nix-shell.er0Ejg/devimint-1568281-388
[2m2024-07-19T20:09:37.301160Z[0m [32m INFO[0m [2mdevimint::tests[0m[2m:[0m running first stress test for gatewayd version: 0.3.3-rc.2
[2m2024-07-19T20:09:48.150877Z[0m [32m INFO[0m [2mfm::devimint[0m[2m:[0m DKG completed
[2m2024-07-19T20:09:53.343597Z[0m [32m INFO[0m [2mfm::devimint[0m[2m:[0m Consensus running
[2m2024-07-19T20:09:55.299927Z[0m [32m INFO[0m [2mdevimint::tests[0m[2m:[0m Waiting for a new session
[2m2024-07-19T20:09:55.305347Z[0m [32m INFO[0m [2mdevimint::tests[0m[2m:[0m [3mfedimint_cli_version[0m[2m=[0m"fedimint-cli 0.4.0-alpha"
[2m2024-07-19T20:09:55.310126Z[0m [32m INFO[0m [2mdevimint::tests[0m[2m:[0m [3mfedimint_cli_version_hash[0m[2m=[0m"902fa3ae4fdfaa71000000005628c00febf7a0ed"
[2m2024-07-19T20:09:55.316210Z[0m [32m INFO[0m [2mdevimint::tests[0m[2m:[0m [3mgateway_cli_version[0m[2m=[0m"fedimint-gateway-cli 0.4.0-alpha"
[2m2024-07-19T20:09:55.321871Z[0m [32m INFO[0m [2mdevimint::tests[0m[2m:[0m [3mgateway_cli_version_hash[0m[2m=[0m"902fa3ae4fdfaa71000000005628c00febf7a0ed"
[2m2024-07-19T20:09:55.327901Z[0m [32m INFO[0m [2mdevimint::tests[0m[2m:[0m [3mfedimintd_version_hash[0m[2m=[0m"902fa3ae4fdfaa71000000005628c00febf7a0ed"
[2m2024-07-19T20:09:55.332614Z[0m [32m INFO[0m [2mdevimint::tests[0m[2m:[0m [3mgatewayd_version_hash[0m[2m=[0m"233621b3fb98dde1d5d74f00e93f23cb45197e1c"
[2m2024-07-19T20:09:55.602469Z[0m [32m INFO[0m [2mdevimint::tests[0m[2m:[0m Awaiting session outcome 0
[2m2024-07-19T20:09:55.995742Z[0m [32m INFO[0m [2mdevimint::federation[0m[2m:[0m Pegging-in client funds [3mamount[0m[2m=[0m100000000 [3mdeposit_fees[0m[2m=[0m1000
[2m2024-07-19T20:10:00.717358Z[0m [32m INFO[0m [2mdevimint::tests[0m[2m:[0m Testing latency of reissue
[2m2024-07-19T20:10:02.963088Z[0m [32m INFO[0m [2mdevimint::tests[0m[2m:[0m session found in 7.360627662s
[2m2024-07-19T20:10:43.554589Z[0m [32m INFO[0m [2mdevimint::tests[0m[2m:[0m [3mfedimint_cli_version[0m[2m=[0m"fedimint-cli 0.4.0-alpha"
[2m2024-07-19T20:10:43.559405Z[0m [32m INFO[0m [2mdevimint::tests[0m[2m:[0m [3mfedimint_cli_version_hash[0m[2m=[0m"902fa3ae4fdfaa71000000005628c00febf7a0ed"
[2m2024-07-19T20:10:43.564976Z[0m [32m INFO[0m [2mdevimint::tests[0m[2m:[0m [3mgateway_cli_version[0m[2m=[0m"fedimint-gateway-cli 0.4.0-alpha"
[2m2024-07-19T20:10:43.571583Z[0m [32m INFO[0m [2mdevimint::tests[0m[2m:[0m [3mgateway_cli_version_hash[0m[2m=[0m"902fa3ae4fdfaa71000000005628c00febf7a0ed"
[2m2024-07-19T20:10:43.576824Z[0m [32m INFO[0m [2mdevimint::tests[0m[2m:[0m [3mfedimintd_version_hash[0m[2m=[0m"902fa3ae4fdfaa71000000005628c00febf7a0ed"
[2m2024-07-19T20:10:43.581271Z[0m [32m INFO[0m [2mdevimint::tests[0m[2m:[0m [3mgatewayd_version_hash[0m[2m=[0m"233621b3fb98dde1d5d74f00e93f23cb45197e1c"
[2m2024-07-19T20:10:44.317209Z[0m [32m INFO[0m [2mdevimint::federation[0m[2m:[0m Pegging-in client funds [3mamount[0m[2m=[0m100000000 [3mdeposit_fees[0m[2m=[0m1000
[2m2024-07-19T20:10:50.740396Z[0m [32m INFO[0m [2mdevimint::tests[0m[2m:[0m Testing latency of ln send
[2m2024-07-19T20:11:26.066380Z[0m [32m INFO[0m [2mdevimint::tests[0m[2m:[0m [3mfedimint_cli_version[0m[2m=[0m"fedimint-cli 0.4.0-alpha"
[2m2024-07-19T20:11:26.071076Z[0m [32m INFO[0m [2mdevimint::tests[0m[2m:[0m [3mfedimint_cli_version_hash[0m[2m=[0m"902fa3ae4fdfaa71000000005628c00febf7a0ed"
[2m2024-07-19T20:11:26.076098Z[0m [32m INFO[0m [2mdevimint::tests[0m[2m:[0m [3mgateway_cli_version[0m[2m=[0m"fedimint-gateway-cli 0.4.0-alpha"
[2m2024-07-19T20:11:26.081321Z[0m [32m INFO[0m [2mdevimint::tests[0m[2m:[0m [3mgateway_cli_version_hash[0m[2m=[0m"902fa3ae4fdfaa71000000005628c00febf7a0ed"
[2m2024-07-19T20:11:26.087473Z[0m [32m INFO[0m [2mdevimint::tests[0m[2m:[0m [3mfedimintd_version_hash[0m[2m=[0m"902fa3ae4fdfaa71000000005628c00febf7a0ed"
[2m2024-07-19T20:11:26.091937Z[0m [32m INFO[0m [2mdevimint::tests[0m[2m:[0m [3mgatewayd_version_hash[0m[2m=[0m"233621b3fb98dde1d5d74f00e93f23cb45197e1c"
[2m2024-07-19T20:11:26.729290Z[0m [32m INFO[0m [2mdevimint::federation[0m[2m:[0m Pegging-in client funds [3mamount[0m[2m=[0m100000000 [3mdeposit_fees[0m[2m=[0m1000
[2m2024-07-19T20:11:30.942443Z[0m [32m INFO[0m [2mdevimint::tests[0m[2m:[0m Testing latency of ln receive
[2m2024-07-19T20:12:12.433395Z[0m [32m INFO[0m [2mdevimint::tests[0m[2m:[0m [3mfedimint_cli_version[0m[2m=[0m"fedimint-cli 0.4.0-alpha"
[2m2024-07-19T20:12:12.438466Z[0m [32m INFO[0m [2mdevimint::tests[0m[2m:[0m [3mfedimint_cli_version_hash[0m[2m=[0m"902fa3ae4fdfaa71000000005628c00febf7a0ed"
[2m2024-07-19T20:12:12.443309Z[0m [32m INFO[0m [2mdevimint::tests[0m[2m:[0m [3mgateway_cli_version[0m[2m=[0m"fedimint-gateway-cli 0.4.0-alpha"
[2m2024-07-19T20:12:12.448434Z[0m [32m INFO[0m [2mdevimint::tests[0m[2m:[0m [3mgateway_cli_version_hash[0m[2m=[0m"902fa3ae4fdfaa71000000005628c00febf7a0ed"
[2m2024-07-19T20:12:12.453562Z[0m [32m INFO[0m [2mdevimint::tests[0m[2m:[0m [3mfedimintd_version_hash[0m[2m=[0m"902fa3ae4fdfaa71000000005628c00febf7a0ed"
[2m2024-07-19T20:12:12.457871Z[0m [32m INFO[0m [2mdevimint::tests[0m[2m:[0m [3mgatewayd_version_hash[0m[2m=[0m"233621b3fb98dde1d5d74f00e93f23cb45197e1c"
[2m2024-07-19T20:12:13.138054Z[0m [32m INFO[0m [2mdevimint::federation[0m[2m:[0m Pegging-in client funds [3mamount[0m[2m=[0m100000000 [3mdeposit_fees[0m[2m=[0m1000
[2m2024-07-19T20:12:21.060956Z[0m [32m INFO[0m [2mdevimint::tests[0m[2m:[0m Testing latency of internal payments within a federation
[2m2024-07-19T20:12:21.740820Z[0m [32m INFO[0m [2mdevimint::federation[0m[2m:[0m Pegging-in client funds [3mamount[0m[2m=[0m10000000 [3mdeposit_fees[0m[2m=[0m1000
[2m2024-07-19T20:13:28.227708Z[0m [32m INFO[0m [2mdevimint::tests[0m[2m:[0m [3mfedimint_cli_version[0m[2m=[0m"fedimint-cli 0.4.0-alpha"
[2m2024-07-19T20:13:28.232125Z[0m [32m INFO[0m [2mdevimint::tests[0m[2m:[0m [3mfedimint_cli_version_hash[0m[2m=[0m"902fa3ae4fdfaa71000000005628c00febf7a0ed"
[2m2024-07-19T20:13:28.237410Z[0m [32m INFO[0m [2mdevimint::tests[0m[2m:[0m [3mgateway_cli_version[0m[2m=[0m"fedimint-gateway-cli 0.4.0-alpha"
[2m2024-07-19T20:13:28.243009Z[0m [32m INFO[0m [2mdevimint::tests[0m[2m:[0m [3mgateway_cli_version_hash[0m[2m=[0m"902fa3ae4fdfaa71000000005628c00febf7a0ed"
[2m2024-07-19T20:13:28.248392Z[0m [32m INFO[0m [2mdevimint::tests[0m[2m:[0m [3mfedimintd_version_hash[0m[2m=[0m"902fa3ae4fdfaa71000000005628c00febf7a0ed"
[2m2024-07-19T20:13:28.253141Z[0m [32m INFO[0m [2mdevimint::tests[0m[2m:[0m [3mgatewayd_version_hash[0m[2m=[0m"233621b3fb98dde1d5d74f00e93f23cb45197e1c"
[2m2024-07-19T20:13:29.002947Z[0m [32m INFO[0m [2mdevimint::federation[0m[2m:[0m Pegging-in client funds [3mamount[0m[2m=[0m100000000 [3mdeposit_fees[0m[2m=[0m1000
[2m2024-07-19T20:13:35.925657Z[0m [32m INFO[0m [2mdevimint::tests[0m[2m:[0m Testing latency of restore
[2m2024-07-19T20:13:41.452472Z[0m [32m INFO[0m [2mdevimint::gatewayd[0m[2m:[0m upgraded gatewayd to version: 0.4.0-rc.2
[2m2024-07-19T20:13:41.520412Z[0m [32m INFO[0m [2mdevimint::gatewayd[0m[2m:[0m upgraded gatewayd to version: 0.4.0-rc.2
[2m2024-07-19T20:13:41.520971Z[0m [32m INFO[0m [2mdevimint::tests[0m[2m:[0m Waiting for a new session
[2m2024-07-19T20:13:41.526207Z[0m [32m INFO[0m [2mdevimint::tests[0m[2m:[0m [3mfedimint_cli_version[0m[2m=[0m"fedimint-cli 0.4.0-alpha"
[2m2024-07-19T20:13:41.531844Z[0m [32m INFO[0m [2mdevimint::tests[0m[2m:[0m [3mfedimint_cli_version_hash[0m[2m=[0m"902fa3ae4fdfaa71000000005628c00febf7a0ed"
[2m2024-07-19T20:13:41.537253Z[0m [32m INFO[0m [2mdevimint::tests[0m[2m:[0m [3mgateway_cli_version[0m[2m=[0m"fedimint-gateway-cli 0.4.0-alpha"
[2m2024-07-19T20:13:41.543039Z[0m [32m INFO[0m [2mdevimint::tests[0m[2m:[0m [3mgateway_cli_version_hash[0m[2m=[0m"902fa3ae4fdfaa71000000005628c00febf7a0ed"
[2m2024-07-19T20:13:41.549764Z[0m [32m INFO[0m [2mdevimint::tests[0m[2m:[0m [3mfedimintd_version_hash[0m[2m=[0m"902fa3ae4fdfaa71000000005628c00febf7a0ed"
[2m2024-07-19T20:13:41.553873Z[0m [32m INFO[0m [2mdevimint::tests[0m[2m:[0m [3mgatewayd_version_hash[0m[2m=[0m"917670d43af2f17c390b37b2facd901b7e17808d"
[2m2024-07-19T20:13:41.822493Z[0m [32m INFO[0m [2mdevimint::tests[0m[2m:[0m Awaiting session outcome 21
[2m2024-07-19T20:13:42.290200Z[0m [32m INFO[0m [2mdevimint::federation[0m[2m:[0m Pegging-in client funds [3mamount[0m[2m=[0m100000000 [3mdeposit_fees[0m[2m=[0m1000
[2m2024-07-19T20:13:46.286060Z[0m [32m INFO[0m [2mdevimint::tests[0m[2m:[0m Testing latency of reissue
[2m2024-07-19T20:13:51.056955Z[0m [32m INFO[0m [2mdevimint::tests[0m[2m:[0m session found in 9.234463262s
[2m2024-07-19T20:14:30.198153Z[0m [32m INFO[0m [2mdevimint::tests[0m[2m:[0m [3mfedimint_cli_version[0m[2m=[0m"fedimint-cli 0.4.0-alpha"
[2m2024-07-19T20:14:30.202810Z[0m [32m INFO[0m [2mdevimint::tests[0m[2m:[0m [3mfedimint_cli_version_hash[0m[2m=[0m"902fa3ae4fdfaa71000000005628c00febf7a0ed"
[2m2024-07-19T20:14:30.208762Z[0m [32m INFO[0m [2mdevimint::tests[0m[2m:[0m [3mgateway_cli_version[0m[2m=[0m"fedimint-gateway-cli 0.4.0-alpha"
[2m2024-07-19T20:14:30.214805Z[0m [32m INFO[0m [2mdevimint::tests[0m[2m:[0m [3mgateway_cli_version_hash[0m[2m=[0m"902fa3ae4fdfaa71000000005628c00febf7a0ed"
[2m2024-07-19T20:14:30.220471Z[0m [32m INFO[0m [2mdevimint::tests[0m[2m:[0m [3mfedimintd_version_hash[0m[2m=[0m"902fa3ae4fdfaa71000000005628c00febf7a0ed"
[2m2024-07-19T20:14:30.224489Z[0m [32m INFO[0m [2mdevimint::tests[0m[2m:[0m [3mgatewayd_version_hash[0m[2m=[0m"917670d43af2f17c390b37b2facd901b7e17808d"
[2m2024-07-19T20:14:30.914676Z[0m [32m INFO[0m [2mdevimint::federation[0m[2m:[0m Pegging-in client funds [3mamount[0m[2m=[0m100000000 [3mdeposit_fees[0m[2m=[0m1000
[2m2024-07-19T20:14:51.051310Z[0m [32m INFO[0m [2mdevimint::tests[0m[2m:[0m Testing latency of ln send
[2m2024-07-19T20:16:02.157393Z[0m [32m INFO[0m [2mdevimint::tests[0m[2m:[0m [3mfedimint_cli_version[0m[2m=[0m"fedimint-cli 0.4.0-alpha"
[2m2024-07-19T20:16:02.163639Z[0m [32m INFO[0m [2mdevimint::tests[0m[2m:[0m [3mfedimint_cli_version_hash[0m[2m=[0m"902fa3ae4fdfaa71000000005628c00febf7a0ed"
[2m2024-07-19T20:16:02.168870Z[0m [32m INFO[0m [2mdevimint::tests[0m[2m:[0m [3mgateway_cli_version[0m[2m=[0m"fedimint-gateway-cli 0.4.0-alpha"
[2m2024-07-19T20:16:02.174031Z[0m [32m INFO[0m [2mdevimint::tests[0m[2m:[0m [3mgateway_cli_version_hash[0m[2m=[0m"902fa3ae4fdfaa71000000005628c00febf7a0ed"
[2m2024-07-19T20:16:02.179269Z[0m [32m INFO[0m [2mdevimint::tests[0m[2m:[0m [3mfedimintd_version_hash[0m[2m=[0m"902fa3ae4fdfaa71000000005628c00febf7a0ed"
[2m2024-07-19T20:16:02.183225Z[0m [32m INFO[0m [2mdevimint::tests[0m[2m:[0m [3mgatewayd_version_hash[0m[2m=[0m"917670d43af2f17c390b37b2facd901b7e17808d"
[2m2024-07-19T20:16:02.914902Z[0m [32m INFO[0m [2mdevimint::federation[0m[2m:[0m Pegging-in client funds [3mamount[0m[2m=[0m100000000 [3mdeposit_fees[0m[2m=[0m1000
[2m2024-07-19T20:16:11.312035Z[0m [32m INFO[0m [2mdevimint::tests[0m[2m:[0m Testing latency of ln receive
[2m2024-07-19T20:16:58.263827Z[0m [32m INFO[0m [2mdevimint::tests[0m[2m:[0m [3mfedimint_cli_version[0m[2m=[0m"fedimint-cli 0.4.0-alpha"
[2m2024-07-19T20:16:58.269320Z[0m [32m INFO[0m [2mdevimint::tests[0m[2m:[0m [3mfedimint_cli_version_hash[0m[2m=[0m"902fa3ae4fdfaa71000000005628c00febf7a0ed"
[2m2024-07-19T20:16:58.274798Z[0m [32m INFO[0m [2mdevimint::tests[0m[2m:[0m [3mgateway_cli_version[0m[2m=[0m"fedimint-gateway-cli 0.4.0-alpha"
[2m2024-07-19T20:16:58.280473Z[0m [32m INFO[0m [2mdevimint::tests[0m[2m:[0m [3mgateway_cli_version_hash[0m[2m=[0m"902fa3ae4fdfaa71000000005628c00febf7a0ed"
[2m2024-07-19T20:16:58.285804Z[0m [32m INFO[0m [2mdevimint::tests[0m[2m:[0m [3mfedimintd_version_hash[0m[2m=[0m"902fa3ae4fdfaa71000000005628c00febf7a0ed"
[2m2024-07-19T20:16:58.289304Z[0m [32m INFO[0m [2mdevimint::tests[0m[2m:[0m [3mgatewayd_version_hash[0m[2m=[0m"917670d43af2f17c390b37b2facd901b7e17808d"
[2m2024-07-19T20:16:58.977321Z[0m [32m INFO[0m [2mdevimint::federation[0m[2m:[0m Pegging-in client funds [3mamount[0m[2m=[0m100000000 [3mdeposit_fees[0m[2m=[0m1000
[2m2024-07-19T20:17:06.155051Z[0m [32m INFO[0m [2mdevimint::tests[0m[2m:[0m Testing latency of internal payments within a federation
[2m2024-07-19T20:17:06.804168Z[0m [32m INFO[0m [2mdevimint::federation[0m[2m:[0m Pegging-in client funds [3mamount[0m[2m=[0m10000000 [3mdeposit_fees[0m[2m=[0m1000
[2m2024-07-19T20:18:03.945902Z[0m [32m INFO[0m [2mdevimint::tests[0m[2m:[0m [3mfedimint_cli_version[0m[2m=[0m"fedimint-cli 0.4.0-alpha"
[2m2024-07-19T20:18:03.951072Z[0m [32m INFO[0m [2mdevimint::tests[0m[2m:[0m [3mfedimint_cli_version_hash[0m[2m=[0m"902fa3ae4fdfaa71000000005628c00febf7a0ed"
[2m2024-07-19T20:18:03.956342Z[0m [32m INFO[0m [2mdevimint::tests[0m[2m:[0m [3mgateway_cli_version[0m[2m=[0m"fedimint-gateway-cli 0.4.0-alpha"
[2m2024-07-19T20:18:03.961618Z[0m [32m INFO[0m [2mdevimint::tests[0m[2m:[0m [3mgateway_cli_version_hash[0m[2m=[0m"902fa3ae4fdfaa71000000005628c00febf7a0ed"
[2m2024-07-19T20:18:03.967545Z[0m [32m INFO[0m [2mdevimint::tests[0m[2m:[0m [3mfedimintd_version_hash[0m[2m=[0m"902fa3ae4fdfaa71000000005628c00febf7a0ed"
[2m2024-07-19T20:18:03.971873Z[0m [32m INFO[0m [2mdevimint::tests[0m[2m:[0m [3mgatewayd_version_hash[0m[2m=[0m"917670d43af2f17c390b37b2facd901b7e17808d"
[2m2024-07-19T20:18:04.720693Z[0m [32m INFO[0m [2mdevimint::federation[0m[2m:[0m Pegging-in client funds [3mamount[0m[2m=[0m100000000 [3mdeposit_fees[0m[2m=[0m1000
[2m2024-07-19T20:18:11.261559Z[0m [32m INFO[0m [2mdevimint::tests[0m[2m:[0m Testing latency of restore
[2m2024-07-19T20:18:16.040512Z[0m [32m INFO[0m [2mdevimint::tests[0m[2m:[0m ### gatewayd passed stress test for version 0.4.0-rc.2
[2m2024-07-19T20:18:16.040540Z[0m [32m INFO[0m [2mdevimint::tests[0m[2m:[0m ## gatewayd upgraded all binaries successfully
All tests successful
